

================================================================
== Vivado HLS Report for 'Loop_Xpose_Col_Outer'
================================================================
* Date:           Sun Mar 27 21:25:32 2022

* Version:        2017.4 (Build 2086221 on Fri Dec 15 21:13:33 MST 2017)
* Project:        dct_prj
* Solution:       solution6
* Product family: virtexuplus
* Target device:  xcvu9p-flgb2104-1-e


================================================================
== Performance Estimates
================================================================
+ Timing (ns): 
    * Summary: 
    +--------+-------+----------+------------+
    |  Clock | Target| Estimated| Uncertainty|
    +--------+-------+----------+------------+
    |ap_clk  |   8.00|      3.47|        1.00|
    +--------+-------+----------+------------+

+ Latency (clock cycles): 
    * Summary: 
    +-----+-----+-----+-----+---------+
    |  Latency  |  Interval | Pipeline|
    | min | max | min | max |   Type  |
    +-----+-----+-----+-----+---------+
    |   66|   66|   66|   66|   none  |
    +-----+-----+-----+-----+---------+

    + Detail: 
        * Instance: 
        N/A

        * Loop: 
        +---------------------------------------------+-----+-----+----------+-----------+-----------+------+----------+
        |                                             |  Latency  | Iteration|  Initiation Interval  | Trip |          |
        |                  Loop Name                  | min | max |  Latency |  achieved |   target  | Count| Pipelined|
        +---------------------------------------------+-----+-----+----------+-----------+-----------+------+----------+
        |- Xpose_Col_Outer_Loop_Xpose_Col_Inner_Loop  |   64|   64|         2|          1|          1|    64|    yes   |
        +---------------------------------------------+-----+-----+----------+-----------+-----------+------+----------+



================================================================
== Utilization Estimates
================================================================
* Summary: 
+-----------------+---------+-------+---------+---------+-----+
|       Name      | BRAM_18K| DSP48E|    FF   |   LUT   | URAM|
+-----------------+---------+-------+---------+---------+-----+
|DSP              |        -|      -|        -|        -|    -|
|Expression       |        -|      -|        0|      126|    -|
|FIFO             |        -|      -|        -|        -|    -|
|Instance         |        -|      -|        -|        -|    -|
|Memory           |        -|      -|        -|        -|    -|
|Multiplexer      |        -|      -|        -|       81|    -|
|Register         |        -|      -|       30|        -|    -|
+-----------------+---------+-------+---------+---------+-----+
|Total            |        0|      0|       30|      207|    0|
+-----------------+---------+-------+---------+---------+-----+
|Available        |     4320|   6840|  2364480|  1182240|  960|
+-----------------+---------+-------+---------+---------+-----+
|Utilization (%)  |        0|      0|    ~0   |    ~0   |    0|
+-----------------+---------+-------+---------+---------+-----+

+ Detail: 
    * Instance: 
    N/A

    * DSP48: 
    N/A

    * Memory: 
    N/A

    * FIFO: 
    N/A

    * Expression: 
    +-------------------------------+----------+-------+---+----+------------+------------+
    |         Variable Name         | Operation| DSP48E| FF| LUT| Bitwidth P0| Bitwidth P1|
    +-------------------------------+----------+-------+---+----+------------+------------+
    |i_fu_171_p2                    |     +    |      0|  0|  12|           4|           1|
    |indvar_flatten_next_fu_110_p2  |     +    |      0|  0|  15|           7|           1|
    |j_fu_116_p2                    |     +    |      0|  0|  12|           4|           1|
    |tmp_2_fu_160_p2                |     +    |      0|  0|  15|           8|           8|
    |tmp_4_fu_191_p2                |     +    |      0|  0|  15|           8|           8|
    |exitcond_flatten_fu_104_p2     |   icmp   |      0|  0|  11|           7|           8|
    |tmp_s_fu_122_p2                |   icmp   |      0|  0|  11|           4|           5|
    |ap_block_state1                |    or    |      0|  0|   9|           1|           1|
    |i_3_i_mid2_fu_128_p3           |  select  |      0|  0|   4|           1|           1|
    |tmp_7_mid2_v_fu_136_p3         |  select  |      0|  0|   4|           1|           4|
    |ap_enable_pp0                  |    xor   |      0|  0|   9|           1|           2|
    |ap_enable_reg_pp0_iter1        |    xor   |      0|  0|   9|           2|           1|
    +-------------------------------+----------+-------+---+----+------------+------------+
    |Total                          |          |      0|  0| 126|          48|          41|
    +-------------------------------+----------+-------+---+----+------------+------------+

    * Multiplexer: 
    +-------------------------------+----+-----------+-----+-----------+
    |              Name             | LUT| Input Size| Bits| Total Bits|
    +-------------------------------+----+-----------+-----+-----------+
    |ap_NS_fsm                      |  21|          4|    1|          4|
    |ap_done                        |   9|          2|    1|          2|
    |ap_enable_reg_pp0_iter1        |  15|          3|    1|          3|
    |ap_phi_mux_j_1_i_phi_fu_86_p4  |   9|          2|    4|          8|
    |i_3_i_reg_93                   |   9|          2|    4|          8|
    |indvar_flatten_reg_71          |   9|          2|    7|         14|
    |j_1_i_reg_82                   |   9|          2|    4|          8|
    +-------------------------------+----+-----------+-----+-----------+
    |Total                          |  81|         17|   22|         47|
    +-------------------------------+----+-----------+-----+-----------+

    * Register: 
    +--------------------------+---+----+-----+-----------+
    |           Name           | FF| LUT| Bits| Const Bits|
    +--------------------------+---+----+-----+-----------+
    |ap_CS_fsm                 |  3|   0|    3|          0|
    |ap_done_reg               |  1|   0|    1|          0|
    |ap_enable_reg_pp0_iter0   |  1|   0|    1|          0|
    |ap_enable_reg_pp0_iter1   |  1|   0|    1|          0|
    |exitcond_flatten_reg_202  |  1|   0|    1|          0|
    |i_3_i_mid2_reg_211        |  4|   0|    4|          0|
    |i_3_i_reg_93              |  4|   0|    4|          0|
    |indvar_flatten_reg_71     |  7|   0|    7|          0|
    |j_1_i_reg_82              |  4|   0|    4|          0|
    |tmp_7_mid2_v_reg_216      |  4|   0|    4|          0|
    +--------------------------+---+----+-----+-----------+
    |Total                     | 30|   0|   30|          0|
    +--------------------------+---+----+-----+-----------+



================================================================
== Interface
================================================================
* Summary: 
+-----------------------+-----+-----+------------+----------------------+--------------+
|       RTL Ports       | Dir | Bits|  Protocol  |     Source Object    |    C Type    |
+-----------------------+-----+-----+------------+----------------------+--------------+
|ap_clk                 |  in |    1| ap_ctrl_hs | Loop_Xpose_Col_Outer | return value |
|ap_rst                 |  in |    1| ap_ctrl_hs | Loop_Xpose_Col_Outer | return value |
|ap_start               |  in |    1| ap_ctrl_hs | Loop_Xpose_Col_Outer | return value |
|ap_done                | out |    1| ap_ctrl_hs | Loop_Xpose_Col_Outer | return value |
|ap_continue            |  in |    1| ap_ctrl_hs | Loop_Xpose_Col_Outer | return value |
|ap_idle                | out |    1| ap_ctrl_hs | Loop_Xpose_Col_Outer | return value |
|ap_ready               | out |    1| ap_ctrl_hs | Loop_Xpose_Col_Outer | return value |
|col_outbuf_i_address0  | out |    6|  ap_memory |     col_outbuf_i     |     array    |
|col_outbuf_i_ce0       | out |    1|  ap_memory |     col_outbuf_i     |     array    |
|col_outbuf_i_q0        |  in |   16|  ap_memory |     col_outbuf_i     |     array    |
|buf_2d_out_address0    | out |    6|  ap_memory |      buf_2d_out      |     array    |
|buf_2d_out_ce0         | out |    1|  ap_memory |      buf_2d_out      |     array    |
|buf_2d_out_we0         | out |    1|  ap_memory |      buf_2d_out      |     array    |
|buf_2d_out_d0          | out |   16|  ap_memory |      buf_2d_out      |     array    |
+-----------------------+-----+-----+------------+----------------------+--------------+

