

================================================================
== Vivado HLS Report for 'read_data'
================================================================
* Date:           Sun Mar 27 21:25:30 2022

* Version:        2017.4 (Build 2086221 on Fri Dec 15 21:13:33 MST 2017)
* Project:        dct_prj
* Solution:       solution6
* Product family: virtexuplus
* Target device:  xcvu9p-flgb2104-1-e


================================================================
== Performance Estimates
================================================================
+ Timing (ns): 
    * Summary: 
    +--------+-------+----------+------------+
    |  Clock | Target| Estimated| Uncertainty|
    +--------+-------+----------+------------+
    |ap_clk  |   8.00|      3.46|        1.00|
    +--------+-------+----------+------------+

+ Latency (clock cycles): 
    * Summary: 
    +-----+-----+-----+-----+---------+
    |  Latency  |  Interval | Pipeline|
    | min | max | min | max |   Type  |
    +-----+-----+-----+-----+---------+
    |   66|   66|   66|   66|   none  |
    +-----+-----+-----+-----+---------+

    + Detail: 
        * Instance: 
        N/A

        * Loop: 
        +---------------------------+-----+-----+----------+-----------+-----------+------+----------+
        |                           |  Latency  | Iteration|  Initiation Interval  | Trip |          |
        |         Loop Name         | min | max |  Latency |  achieved |   target  | Count| Pipelined|
        +---------------------------+-----+-----+----------+-----------+-----------+------+----------+
        |- RD_Loop_Row_RD_Loop_Col  |   64|   64|         2|          1|          1|    64|    yes   |
        +---------------------------+-----+-----+----------+-----------+-----------+------+----------+



================================================================
== Utilization Estimates
================================================================
* Summary: 
+-----------------+---------+-------+---------+---------+-----+
|       Name      | BRAM_18K| DSP48E|    FF   |   LUT   | URAM|
+-----------------+---------+-------+---------+---------+-----+
|DSP              |        -|      -|        -|        -|    -|
|Expression       |        -|      -|        0|      111|    -|
|FIFO             |        -|      -|        -|        -|    -|
|Instance         |        -|      -|        -|        -|    -|
|Memory           |        -|      -|        -|        -|    -|
|Multiplexer      |        -|      -|        -|       81|    -|
|Register         |        -|      -|       29|        -|    -|
+-----------------+---------+-------+---------+---------+-----+
|Total            |        0|      0|       29|      192|    0|
+-----------------+---------+-------+---------+---------+-----+
|Available        |     4320|   6840|  2364480|  1182240|  960|
+-----------------+---------+-------+---------+---------+-----+
|Utilization (%)  |        0|      0|    ~0   |    ~0   |    0|
+-----------------+---------+-------+---------+---------+-----+

+ Detail: 
    * Instance: 
    N/A

    * DSP48: 
    N/A

    * Memory: 
    N/A

    * FIFO: 
    N/A

    * Expression: 
    +-------------------------------+----------+-------+---+----+------------+------------+
    |         Variable Name         | Operation| DSP48E| FF| LUT| Bitwidth P0| Bitwidth P1|
    +-------------------------------+----------+-------+---+----+------------+------------+
    |c_2_fu_292_p2                  |     +    |      0|  0|  12|           4|           1|
    |indvar_flatten_next_fu_227_p2  |     +    |      0|  0|  15|           7|           1|
    |r_2_fu_233_p2                  |     +    |      0|  0|  12|           1|           4|
    |tmp_9_fu_277_p2                |     +    |      0|  0|  15|           6|           6|
    |exitcond_flatten_fu_221_p2     |   icmp   |      0|  0|  11|           7|           8|
    |exitcond_fu_239_p2             |   icmp   |      0|  0|  11|           4|           5|
    |ap_block_state1                |    or    |      0|  0|   9|           1|           1|
    |c_mid2_fu_245_p3               |  select  |      0|  0|   4|           1|           1|
    |tmp_mid2_v_v_fu_253_p3         |  select  |      0|  0|   4|           1|           4|
    |ap_enable_pp0                  |    xor   |      0|  0|   9|           1|           2|
    |ap_enable_reg_pp0_iter1        |    xor   |      0|  0|   9|           2|           1|
    +-------------------------------+----------+-------+---+----+------------+------------+
    |Total                          |          |      0|  0| 111|          35|          34|
    +-------------------------------+----------+-------+---+----+------------+------------+

    * Multiplexer: 
    +----------------------------+----+-----------+-----+-----------+
    |            Name            | LUT| Input Size| Bits| Total Bits|
    +----------------------------+----+-----------+-----+-----------+
    |ap_NS_fsm                   |  21|          4|    1|          4|
    |ap_done                     |   9|          2|    1|          2|
    |ap_enable_reg_pp0_iter1     |  15|          3|    1|          3|
    |ap_phi_mux_r_phi_fu_203_p4  |   9|          2|    4|          8|
    |c_reg_210                   |   9|          2|    4|          8|
    |indvar_flatten_reg_188      |   9|          2|    7|         14|
    |r_reg_199                   |   9|          2|    4|          8|
    +----------------------------+----+-----------+-----+-----------+
    |Total                       |  81|         17|   22|         47|
    +----------------------------+----+-----------+-----+-----------+

    * Register: 
    +--------------------------+---+----+-----+-----------+
    |           Name           | FF| LUT| Bits| Const Bits|
    +--------------------------+---+----+-----+-----------+
    |ap_CS_fsm                 |  3|   0|    3|          0|
    |ap_done_reg               |  1|   0|    1|          0|
    |ap_enable_reg_pp0_iter0   |  1|   0|    1|          0|
    |ap_enable_reg_pp0_iter1   |  1|   0|    1|          0|
    |c_reg_210                 |  4|   0|    4|          0|
    |exitcond_flatten_reg_309  |  1|   0|    1|          0|
    |indvar_flatten_reg_188    |  7|   0|    7|          0|
    |r_reg_199                 |  4|   0|    4|          0|
    |tmp_2_reg_329             |  3|   0|    3|          0|
    |tmp_mid2_v_v_reg_318      |  4|   0|    4|          0|
    +--------------------------+---+----+-----+-----------+
    |Total                     | 29|   0|   29|          0|
    +--------------------------+---+----+-----+-----------+



================================================================
== Interface
================================================================
* Summary: 
+------------------+-----+-----+------------+--------------+--------------+
|     RTL Ports    | Dir | Bits|  Protocol  | Source Object|    C Type    |
+------------------+-----+-----+------------+--------------+--------------+
|ap_clk            |  in |    1| ap_ctrl_hs |   read_data  | return value |
|ap_rst            |  in |    1| ap_ctrl_hs |   read_data  | return value |
|ap_start          |  in |    1| ap_ctrl_hs |   read_data  | return value |
|ap_done           | out |    1| ap_ctrl_hs |   read_data  | return value |
|ap_continue       |  in |    1| ap_ctrl_hs |   read_data  | return value |
|ap_idle           | out |    1| ap_ctrl_hs |   read_data  | return value |
|ap_ready          | out |    1| ap_ctrl_hs |   read_data  | return value |
|input_r_address0  | out |    6|  ap_memory |    input_r   |     array    |
|input_r_ce0       | out |    1|  ap_memory |    input_r   |     array    |
|input_r_q0        |  in |   16|  ap_memory |    input_r   |     array    |
|buf_0_address0    | out |    3|  ap_memory |     buf_0    |     array    |
|buf_0_ce0         | out |    1|  ap_memory |     buf_0    |     array    |
|buf_0_we0         | out |    1|  ap_memory |     buf_0    |     array    |
|buf_0_d0          | out |   16|  ap_memory |     buf_0    |     array    |
|buf_1_address0    | out |    3|  ap_memory |     buf_1    |     array    |
|buf_1_ce0         | out |    1|  ap_memory |     buf_1    |     array    |
|buf_1_we0         | out |    1|  ap_memory |     buf_1    |     array    |
|buf_1_d0          | out |   16|  ap_memory |     buf_1    |     array    |
|buf_2_address0    | out |    3|  ap_memory |     buf_2    |     array    |
|buf_2_ce0         | out |    1|  ap_memory |     buf_2    |     array    |
|buf_2_we0         | out |    1|  ap_memory |     buf_2    |     array    |
|buf_2_d0          | out |   16|  ap_memory |     buf_2    |     array    |
|buf_3_address0    | out |    3|  ap_memory |     buf_3    |     array    |
|buf_3_ce0         | out |    1|  ap_memory |     buf_3    |     array    |
|buf_3_we0         | out |    1|  ap_memory |     buf_3    |     array    |
|buf_3_d0          | out |   16|  ap_memory |     buf_3    |     array    |
|buf_4_address0    | out |    3|  ap_memory |     buf_4    |     array    |
|buf_4_ce0         | out |    1|  ap_memory |     buf_4    |     array    |
|buf_4_we0         | out |    1|  ap_memory |     buf_4    |     array    |
|buf_4_d0          | out |   16|  ap_memory |     buf_4    |     array    |
|buf_5_address0    | out |    3|  ap_memory |     buf_5    |     array    |
|buf_5_ce0         | out |    1|  ap_memory |     buf_5    |     array    |
|buf_5_we0         | out |    1|  ap_memory |     buf_5    |     array    |
|buf_5_d0          | out |   16|  ap_memory |     buf_5    |     array    |
|buf_6_address0    | out |    3|  ap_memory |     buf_6    |     array    |
|buf_6_ce0         | out |    1|  ap_memory |     buf_6    |     array    |
|buf_6_we0         | out |    1|  ap_memory |     buf_6    |     array    |
|buf_6_d0          | out |   16|  ap_memory |     buf_6    |     array    |
|buf_7_address0    | out |    3|  ap_memory |     buf_7    |     array    |
|buf_7_ce0         | out |    1|  ap_memory |     buf_7    |     array    |
|buf_7_we0         | out |    1|  ap_memory |     buf_7    |     array    |
|buf_7_d0          | out |   16|  ap_memory |     buf_7    |     array    |
+------------------+-----+-----+------------+--------------+--------------+

